<?xml version="1.0" encoding="UTF-8"?>
<!-- Generated by org.testng.reporters.JUnitXMLReporter -->
<testsuite hostname="LAPTOP-V4RIGFDR" name="test1" tests="4" failures="0" timestamp="27 Oct 2019 06:03:13 GMT" time="0.08" errors="0">
  <testcase name="testMethod3" time="0.016" classname="maven.selenium.basic.programming.toolsqa.com.automation.toolsqa.tutorial.TestNG_Test2"/>
  <testcase name="afterMethod2" time="0.01" classname="maven.selenium.basic.programming.toolsqa.com.automation.toolsqa.tutorial.TestNG_Test2"/>
  <testcase name="beforeMethod2" time="0.01" classname="maven.selenium.basic.programming.toolsqa.com.automation.toolsqa.tutorial.TestNG_Test2"/>
  <testcase name="testMethod4" time="0.002" classname="maven.selenium.basic.programming.toolsqa.com.automation.toolsqa.tutorial.TestNG_Test2"/>
</testsuite> <!-- test1 -->
