<?xml version="1.0" encoding="UTF-8"?>
<!-- Generated by org.testng.reporters.JUnitXMLReporter -->
<testsuite hostname="LAPTOP-V4RIGFDR" name="test2" tests="2" failures="0" timestamp="25 Oct 2019 03:23:00 GMT" time="0.012" errors="0">
  <testcase name="testMethod3" time="0.001" classname="maven.selenium.basic.programming.toolsqa.com.automation.toolsqa.tutorial.TestNG_Test2"/>
  <testcase name="testMethod4" time="0.002" classname="maven.selenium.basic.programming.toolsqa.com.automation.toolsqa.tutorial.TestNG_Test2"/>
</testsuite> <!-- test2 -->
