<?xml version="1.0" encoding="UTF-8"?>
<testng-results skipped="0" failed="0" total="1" passed="1">
  <reporter-output>
  </reporter-output>
  <suite name="Default suite" duration-ms="3640" started-at="2022-12-07T18:18:26Z" finished-at="2022-12-07T18:18:30Z">
    <groups>
    </groups>
    <test name="Default test" duration-ms="3640" started-at="2022-12-07T18:18:26Z" finished-at="2022-12-07T18:18:30Z">
      <class name="RestAssuredTesting.RestAssuredTesting.UdemyJiraAPICookieBasedAuth">
        <test-method status="PASS" signature="testJiraAPI()[pri:0, instance:RestAssuredTesting.RestAssuredTesting.UdemyJiraAPICookieBasedAuth@29ee9faa]" name="testJiraAPI" duration-ms="3626" started-at="2022-12-07T13:18:26Z" finished-at="2022-12-07T13:18:30Z">
          <reporter-output>
          </reporter-output>
        </test-method> <!-- testJiraAPI -->
      </class> <!-- RestAssuredTesting.RestAssuredTesting.UdemyJiraAPICookieBasedAuth -->
    </test> <!-- Default test -->
  </suite> <!-- Default suite -->
</testng-results>
